04-10-2024	41:19:12----------errhandler: - Expected double-quoted property name in JSON at position 34
04-10-2024	44:19:12----------errhandler: - Expected double-quoted property name in JSON at position 34
04-10-2024	21:21:12----------errhandler: /api/account/login --- POST --- Expected double-quoted property name in JSON at position 34
05-10-2024	45:04:15----errhandler: /api/storage/upload/delete-image --- POST --- Cannot read properties of undefined (reading 'length')
05-10-2024	45:04:15----errhandler: /api/storage/upload/delete-image --- POST --- Cannot read properties of undefined (reading 'length')
05-10-2024	45:04:15----errhandler: /api/storage/upload/delete-image --- POST --- Cannot read properties of undefined (reading 'length')
05-10-2024	45:04:15----errhandler: /api/storage/upload/delete-image --- POST --- Cannot read properties of undefined (reading 'length')
05-10-2024	45:04:15----errhandler: /api/storage/upload/delete-image --- POST --- Cannot read properties of undefined (reading 'length')
05-10-2024	46:04:15----errhandler: /api/storage/upload/delete-image --- POST --- Cannot read properties of undefined (reading 'length')
05-10-2024	29:06:15----errhandler: /api/storage/upload/delete-image --- POST --- Cannot read properties of undefined (reading 'forEach')
05-10-2024	02:07:15----errhandler: /api/storage/upload/delete-image --- POST --- Cannot read properties of undefined (reading 'forEach')
06-10-2024	48:38:12----errhandler: /api/post/delete-image --- POST --- Route /api/post/delete-image is not found
06-10-2024	12:43:12----errhandler: /api/storage/upload/image --- POST --- Request Timeout
07-10-2024	19:39:17----errhandler: /api/post --- GET --- Schema hasn't been registered for model "Comment".
Use mongoose.model(name, schema)
09-10-2024	24:33:17----errhandler: /api/account/forgot-pass --- GET --- Route /api/account/forgot-pass is not found
09-10-2024	25:34:17----errhandler: /api/account/forgot-pass --- GET --- Route /api/account/forgot-pass is not found
09-10-2024	25:35:17----errhandler: /api/account/forgot-pass --- GET --- Route /api/account/forgot-pass is not found
09-10-2024	10:28:23----errhandler: /api/account/reset-pass --- POST --- Parameter "filter" to findOne() must be an object, got "waytnt17523@gmail.com" (type string)
11-10-2024	48:45:13----errhandler: /api/tag/all-tags --- GET --- Route /api/tag/all-tags is not found
11-10-2024	32:06:23----errhandler: /api/post/create-post --- GET --- Route /api/post/create-post is not found
14-10-2024	10:48:10----errhandler: /api/post/all-posts/670b6a1062937ef087fd23ba --- GET --- Route /api/post/all-posts/670b6a1062937ef087fd23ba is not found
14-10-2024	16:48:10----errhandler: /api/user/current --- GET --- User not found
14-10-2024	16:48:10----errhandler: /api/post/all-posts/670b6a1062937ef087fd23ba --- GET --- Route /api/post/all-posts/670b6a1062937ef087fd23ba is not found
14-10-2024	13:49:10----errhandler: /api/post/all-posts/670b6a1062937ef087fd23ba --- GET --- Route /api/post/all-posts/670b6a1062937ef087fd23ba is not found
14-10-2024	18:49:10----errhandler: /api/post/all-posts/670b6a1062937ef087fd23ba --- GET --- Route /api/post/all-posts/670b6a1062937ef087fd23ba is not found
14-10-2024	57:51:10----errhandler: /api/post/all-posts/670b6a1062937ef087fd23ba --- GET --- Route /api/post/all-posts/670b6a1062937ef087fd23ba is not found
14-10-2024	02:52:10----errhandler: /api/post/all-posts/670b6a1062937ef087fd23ba --- GET --- Route /api/post/all-posts/670b6a1062937ef087fd23ba is not found
14-10-2024	26:52:10----errhandler: /api/post/all-posts/670b6a1062937ef087fd23ba --- GET --- Route /api/post/all-posts/670b6a1062937ef087fd23ba is not found
14-10-2024	36:52:10----errhandler: /api/post/all-posts/670b6a1062937ef087fd23ba --- GET --- Route /api/post/all-posts/670b6a1062937ef087fd23ba is not found
14-10-2024	30:23:12----errhandler: /api/post/all-posts/670b6a1062937ef087fd23ba --- GET --- Route /api/post/all-posts/670b6a1062937ef087fd23ba is not found
14-10-2024	35:23:12----errhandler: /api/post/all-posts/670b6a1062937ef087fd23ba --- GET --- Route /api/post/all-posts/670b6a1062937ef087fd23ba is not found
14-10-2024	37:23:12----errhandler: /api/post/all-posts/670b6a1062937ef087fd23ba --- GET --- Route /api/post/all-posts/670b6a1062937ef087fd23ba is not found
14-10-2024	42:23:12----errhandler: /api/post/all-posts/670b6a1062937ef087fd23ba --- GET --- Route /api/post/all-posts/670b6a1062937ef087fd23ba is not found
14-10-2024	07:24:12----errhandler: /api/post/all-posts/670b6a1062937ef087fd23ba --- GET --- Route /api/post/all-posts/670b6a1062937ef087fd23ba is not found
17-10-2024	27:41:10----errhandler: /api/comment/670cb56dd7d3d8d072a3db67 --- GET --- Route /api/comment/670cb56dd7d3d8d072a3db67 is not found
17-10-2024	32:41:10----errhandler: /api/comment/670cb56dd7d3d8d072a3db67 --- GET --- Route /api/comment/670cb56dd7d3d8d072a3db67 is not found
17-10-2024	38:41:10----errhandler: /api/comment/670cb56dd7d3d8d072a3db67 --- GET --- Route /api/comment/670cb56dd7d3d8d072a3db67 is not found
17-10-2024	39:41:10----errhandler: /api/comment/undefined --- GET --- Route /api/comment/undefined is not found
17-10-2024	39:41:10----errhandler: /api/comment/670cb56dd7d3d8d072a3db67 --- GET --- Route /api/comment/670cb56dd7d3d8d072a3db67 is not found
17-10-2024	44:41:10----errhandler: /api/comment/670cb56dd7d3d8d072a3db67 --- GET --- Route /api/comment/670cb56dd7d3d8d072a3db67 is not found
17-10-2024	49:41:10----errhandler: /api/comment/670cb56dd7d3d8d072a3db67 --- GET --- Route /api/comment/670cb56dd7d3d8d072a3db67 is not found
17-10-2024	55:41:10----errhandler: /api/comment/670cb56dd7d3d8d072a3db67 --- GET --- Route /api/comment/670cb56dd7d3d8d072a3db67 is not found
17-10-2024	00:42:10----errhandler: /api/comment/670cb56dd7d3d8d072a3db67 --- GET --- Route /api/comment/670cb56dd7d3d8d072a3db67 is not found
18-10-2024	13:06:12----errhandler: /api/comment/ --- GET --- Route /api/comment/ is not found
18-10-2024	59:11:12----errhandler: /api/comment/ --- GET --- Route /api/comment/ is not found
18-10-2024	22:50:13----errhandler: /api/comment/ --- GET --- Route /api/comment/ is not found
18-10-2024	56:00:14----errhandler: /api/comment/ --- GET --- Route /api/comment/ is not found
18-10-2024	14:04:14----errhandler: /api/comment/ --- GET --- Route /api/comment/ is not found
18-10-2024	42:19:14----errhandler: /api/comment/ --- GET --- Route /api/comment/ is not found
18-10-2024	56:22:14----errhandler: /api/comment/ --- GET --- Route /api/comment/ is not found
18-10-2024	56:22:14----errhandler: /api/comment/ --- GET --- Route /api/comment/ is not found
18-10-2024	26:23:14----errhandler: /api/comment/ --- GET --- Route /api/comment/ is not found
18-10-2024	26:23:14----errhandler: /api/comment/ --- GET --- Route /api/comment/ is not found
18-10-2024	05:28:14----errhandler: /api/comment/ --- GET --- Route /api/comment/ is not found
18-10-2024	40:28:14----errhandler: /api/comment/ --- GET --- Route /api/comment/ is not found
18-10-2024	40:28:14----errhandler: /api/comment/ --- GET --- Route /api/comment/ is not found
18-10-2024	10:29:14----errhandler: /api/comment/ --- GET --- Route /api/comment/ is not found
18-10-2024	10:29:14----errhandler: /api/comment/ --- GET --- Route /api/comment/ is not found
18-10-2024	20:29:14----errhandler: /api/comment/ --- GET --- Route /api/comment/ is not found
18-10-2024	48:33:14----errhandler: /api/comment/ --- GET --- Route /api/comment/ is not found
18-10-2024	48:33:14----errhandler: /api/comment/ --- GET --- Route /api/comment/ is not found
18-10-2024	46:40:14----errhandler: /api/comment/ --- GET --- Route /api/comment/ is not found
18-10-2024	51:40:14----errhandler: /api/comment/ --- GET --- Route /api/comment/ is not found
18-10-2024	51:40:14----errhandler: /api/comment/ --- GET --- Route /api/comment/ is not found
18-10-2024	51:40:14----errhandler: /api/comment/ --- GET --- Route /api/comment/ is not found
18-10-2024	15:41:14----errhandler: /api/comment/ --- GET --- Route /api/comment/ is not found
18-10-2024	35:41:14----errhandler: /api/comment/ --- GET --- Route /api/comment/ is not found
18-10-2024	28:44:14----errhandler: /api/comment/ --- GET --- Route /api/comment/ is not found
18-10-2024	28:44:14----errhandler: /api/comment/ --- GET --- Route /api/comment/ is not found
18-10-2024	26:45:14----errhandler: /api/comment/ --- GET --- Route /api/comment/ is not found
18-10-2024	26:45:14----errhandler: /api/comment/ --- GET --- Route /api/comment/ is not found
18-10-2024	06:46:14----errhandler: /api/comment/ --- GET --- Route /api/comment/ is not found
18-10-2024	57:48:14----errhandler: /api/comment/ --- GET --- Route /api/comment/ is not found
18-10-2024	57:48:14----errhandler: /api/comment/ --- GET --- Route /api/comment/ is not found
19-10-2024	53:47:10----errhandler: /api/comment/ --- GET --- Route /api/comment/ is not found
19-10-2024	29:01:11----errhandler: /api/comment/ --- GET --- Route /api/comment/ is not found
19-10-2024	55:01:11----errhandler: /api/comment/ --- GET --- Route /api/comment/ is not found
19-10-2024	55:01:11----errhandler: /api/comment/ --- GET --- Route /api/comment/ is not found
19-10-2024	23:02:11----errhandler: /api/comment/ --- GET --- Route /api/comment/ is not found
19-10-2024	23:02:11----errhandler: /api/comment/ --- GET --- Route /api/comment/ is not found
19-10-2024	28:02:11----errhandler: /api/comment/ --- GET --- Route /api/comment/ is not found
19-10-2024	28:02:11----errhandler: /api/comment/ --- GET --- Route /api/comment/ is not found
19-10-2024	31:36:11----errhandler: /api/comment/ --- GET --- Route /api/comment/ is not found
19-10-2024	36:36:11----errhandler: /api/comment/ --- GET --- Route /api/comment/ is not found
19-10-2024	36:36:11----errhandler: /api/comment/ --- GET --- Route /api/comment/ is not found
19-10-2024	35:45:11----errhandler: /api/comment/ --- GET --- Route /api/comment/ is not found
19-10-2024	33:01:12----errhandler: /api/comment/ --- GET --- Route /api/comment/ is not found
19-10-2024	40:01:12----errhandler: /api/comment/ --- GET --- Route /api/comment/ is not found
19-10-2024	41:01:12----errhandler: /api/comment/ --- GET --- Route /api/comment/ is not found
19-10-2024	02:10:12----errhandler: /api/comment/ --- GET --- Route /api/comment/ is not found
19-10-2024	09:10:12----errhandler: /api/comment/ --- GET --- Route /api/comment/ is not found
19-10-2024	09:10:12----errhandler: /api/comment/ --- GET --- Route /api/comment/ is not found
19-10-2024	18:25:12----errhandler: /api/comment/ --- GET --- Route /api/comment/ is not found
19-10-2024	06:16:16----errhandler: /api/comment/ --- GET --- Route /api/comment/ is not found
19-10-2024	57:51:23----errhandler: /api/comment/ --- GET --- Route /api/comment/ is not found
20-10-2024	46:53:11----errhandler: /api/comment/ --- GET --- Route /api/comment/ is not found
20-10-2024	15:54:11----errhandler: /api/comment/ --- GET --- Route /api/comment/ is not found
20-10-2024	45:01:12----errhandler: /api/comment/ --- GET --- Route /api/comment/ is not found
20-10-2024	37:04:12----errhandler: /api/comment/ --- GET --- Route /api/comment/ is not found
20-10-2024	37:04:12----errhandler: /api/comment/ --- GET --- Route /api/comment/ is not found
20-10-2024	55:19:12----errhandler: /api/comment/ --- GET --- Route /api/comment/ is not found
20-10-2024	55:19:12----errhandler: /api/comment/ --- GET --- Route /api/comment/ is not found
20-10-2024	02:46:19----errhandler: /api/comment/ --- GET --- Route /api/comment/ is not found
21-10-2024	03:03:12----errhandler: /api/comment/ --- GET --- Route /api/comment/ is not found
21-10-2024	03:36:12----errhandler: /api/comment/ --- GET --- Route /api/comment/ is not found
21-10-2024	37:36:12----errhandler: /api/comment/ --- GET --- Route /api/comment/ is not found
21-10-2024	38:36:12----errhandler: /api/comment/ --- GET --- Route /api/comment/ is not found
21-10-2024	46:36:12----errhandler: /api/comment/ --- GET --- Route /api/comment/ is not found
21-10-2024	46:36:12----errhandler: /api/comment/ --- GET --- Route /api/comment/ is not found
21-10-2024	48:22:13----errhandler: /api/comment/ --- GET --- Route /api/comment/ is not found
21-10-2024	48:22:13----errhandler: /api/comment/ --- GET --- Route /api/comment/ is not found
21-10-2024	53:22:13----errhandler: /api/comment/ --- GET --- Route /api/comment/ is not found
21-10-2024	53:22:13----errhandler: /api/comment/ --- GET --- Route /api/comment/ is not found
21-10-2024	17:14:22----errhandler: /api/comment/ --- GET --- Route /api/comment/ is not found
22-10-2024	42:30:12----errhandler: /api/comment/ --- GET --- Route /api/comment/ is not found
22-10-2024	01:33:12----errhandler: /api/comment/ --- GET --- Route /api/comment/ is not found
25-10-2024	43:27:17----errhandler: /api/comment/ --- GET --- Route /api/comment/ is not found
25-10-2024	20:33:17----errhandler: /api/comment/ --- GET --- Route /api/comment/ is not found
25-10-2024	20:33:17----errhandler: /api/comment/ --- GET --- Route /api/comment/ is not found
25-10-2024	24:37:18----errhandler: /api/comment/ --- GET --- Route /api/comment/ is not found
26-10-2024	16:57:12----errhandler: /api/comment/ --- GET --- Route /api/comment/ is not found
26-10-2024	36:59:12----errhandler: /api/comment/ --- GET --- Route /api/comment/ is not found
26-10-2024	48:29:13----errhandler: /api/comment/ --- GET --- Route /api/comment/ is not found
26-10-2024	48:29:13----errhandler: /api/comment/ --- GET --- Route /api/comment/ is not found
26-10-2024	18:32:13----errhandler: /api/comment/ --- GET --- Route /api/comment/ is not found
26-10-2024	52:48:17----errhandler: /api/post/search/670b6a1062937ef087fd23ba?page=1&pageSize=10&search=Net&sortOrder=DESC&sortField=createdAt --- GET --- Route /api/post/search/670b6a1062937ef087fd23ba?page=1&pageSize=10&search=Net&sortOrder=DESC&sortField=createdAt is not found
26-10-2024	08:55:17----errhandler: /favicon.ico --- GET --- Route /favicon.ico is not found
26-10-2024	22:55:17----errhandler: /favicon.ico --- GET --- Route /favicon.ico is not found
26-10-2024	35:35:22----errhandler: /api/comment/ --- GET --- Route /api/comment/ is not found
28-10-2024	16:17:00----errhandler: /api/friend/create --- GET --- Route /api/friend/create is not found
28-10-2024	37:22:00----errhandler: /api/friend/accept --- GET --- Route /api/friend/accept is not found
28-10-2024	55:22:00----errhandler: /api/friend/accept --- GET --- Route /api/friend/accept is not found
28-10-2024	07:23:00----errhandler: /api/friend/accept --- GET --- Route /api/friend/accept is not found
28-10-2024	22:03:14----errhandler: /api/comment/ --- GET --- Route /api/comment/ is not found
28-10-2024	52:18:14----errhandler: /api/comment/ --- GET --- Route /api/comment/ is not found
28-10-2024	54:18:14----errhandler: /api/comment/ --- GET --- Route /api/comment/ is not found
28-10-2024	54:18:14----errhandler: /api/comment/ --- GET --- Route /api/comment/ is not found
28-10-2024	59:18:14----errhandler: /api/comment/ --- GET --- Route /api/comment/ is not found
28-10-2024	02:19:14----errhandler: /api/comment/ --- GET --- Route /api/comment/ is not found
28-10-2024	02:19:14----errhandler: /api/comment/ --- GET --- Route /api/comment/ is not found
28-10-2024	03:19:14----errhandler: /api/comment/ --- GET --- Route /api/comment/ is not found
28-10-2024	03:19:14----errhandler: /api/comment/ --- GET --- Route /api/comment/ is not found
28-10-2024	04:19:14----errhandler: /api/comment/ --- GET --- Route /api/comment/ is not found
28-10-2024	04:19:14----errhandler: /api/comment/ --- GET --- Route /api/comment/ is not found
28-10-2024	07:19:14----errhandler: /api/comment/ --- GET --- Route /api/comment/ is not found
28-10-2024	08:19:14----errhandler: /api/comment/ --- GET --- Route /api/comment/ is not found
28-10-2024	08:19:14----errhandler: /api/comment/ --- GET --- Route /api/comment/ is not found
28-10-2024	12:19:14----errhandler: /api/comment/ --- GET --- Route /api/comment/ is not found
28-10-2024	12:19:14----errhandler: /api/comment/ --- GET --- Route /api/comment/ is not found
28-10-2024	13:19:14----errhandler: /api/comment/ --- GET --- Route /api/comment/ is not found
28-10-2024	13:19:14----errhandler: /api/comment/ --- GET --- Route /api/comment/ is not found
28-10-2024	14:19:14----errhandler: /api/comment/ --- GET --- Route /api/comment/ is not found
28-10-2024	15:19:14----errhandler: /api/comment/ --- GET --- Route /api/comment/ is not found
28-10-2024	15:19:14----errhandler: /api/comment/ --- GET --- Route /api/comment/ is not found
28-10-2024	16:19:14----errhandler: /api/comment/ --- GET --- Route /api/comment/ is not found
28-10-2024	46:19:14----errhandler: /api/storage/upload/image --- POST --- Image file format webp not allowed
28-10-2024	36:08:16----errhandler: /api/comment/ --- GET --- Route /api/comment/ is not found
28-10-2024	06:50:22----errhandler: /api/comment/ --- GET --- Route /api/comment/ is not found
28-10-2024	15:50:22----errhandler: /api/comment/ --- GET --- Route /api/comment/ is not found
28-10-2024	15:50:22----errhandler: /api/comment/ --- GET --- Route /api/comment/ is not found
28-10-2024	24:50:22----errhandler: /api/comment/ --- GET --- Route /api/comment/ is not found
28-10-2024	25:50:22----errhandler: /api/comment/ --- GET --- Route /api/comment/ is not found
28-10-2024	25:50:22----errhandler: /api/comment/ --- GET --- Route /api/comment/ is not found
28-10-2024	25:50:22----errhandler: /api/comment/ --- GET --- Route /api/comment/ is not found
28-10-2024	34:00:23----errhandler: /api/comment/ --- GET --- Route /api/comment/ is not found
28-10-2024	46:02:23----errhandler: /api/comment/ --- GET --- Route /api/comment/ is not found
28-10-2024	28:35:23----errhandler: /api/comment/ --- GET --- Route /api/comment/ is not found
28-10-2024	34:35:23----errhandler: /api/comment/ --- GET --- Route /api/comment/ is not found
28-10-2024	34:35:23----errhandler: /api/comment/ --- GET --- Route /api/comment/ is not found
28-10-2024	39:35:23----errhandler: /api/comment/ --- GET --- Route /api/comment/ is not found
28-10-2024	39:35:23----errhandler: /api/comment/ --- GET --- Route /api/comment/ is not found
29-10-2024	20:40:08----errhandler: /api/comment/ --- GET --- Route /api/comment/ is not found
29-10-2024	48:40:08----errhandler: /api/comment/ --- GET --- Route /api/comment/ is not found
29-10-2024	48:40:08----errhandler: /api/comment/ --- GET --- Route /api/comment/ is not found
29-10-2024	54:45:08----errhandler: /api/comment/ --- GET --- Route /api/comment/ is not found
29-10-2024	33:54:08----errhandler: /api/comment/ --- GET --- Route /api/comment/ is not found
29-10-2024	16:21:09----errhandler: /api/comment/ --- GET --- Route /api/comment/ is not found
29-10-2024	41:25:09----errhandler: /api/comment/ --- GET --- Route /api/comment/ is not found
29-10-2024	14:26:09----errhandler: /api/comment/ --- GET --- Route /api/comment/ is not found
29-10-2024	14:26:09----errhandler: /api/comment/ --- GET --- Route /api/comment/ is not found
29-10-2024	59:47:09----errhandler: /api/comment/ --- GET --- Route /api/comment/ is not found
29-10-2024	30:50:09----errhandler: /api/comment/ --- GET --- Route /api/comment/ is not found
29-10-2024	00:51:09----errhandler: /api/comment/ --- GET --- Route /api/comment/ is not found
29-10-2024	13:51:09----errhandler: /api/comment/ --- GET --- Route /api/comment/ is not found
29-10-2024	13:51:09----errhandler: /api/comment/ --- GET --- Route /api/comment/ is not found
29-10-2024	48:53:09----errhandler: /api/comment/ --- GET --- Route /api/comment/ is not found
29-10-2024	08:54:09----errhandler: /api/comment/ --- GET --- Route /api/comment/ is not found
29-10-2024	08:54:09----errhandler: /api/comment/ --- GET --- Route /api/comment/ is not found
29-10-2024	13:54:09----errhandler: /api/comment/ --- GET --- Route /api/comment/ is not found
29-10-2024	13:54:09----errhandler: /api/comment/ --- GET --- Route /api/comment/ is not found
29-10-2024	40:57:09----errhandler: /api/comment/ --- GET --- Route /api/comment/ is not found
29-10-2024	40:57:09----errhandler: /api/comment/ --- GET --- Route /api/comment/ is not found
29-10-2024	46:57:09----errhandler: /api/comment/ --- GET --- Route /api/comment/ is not found
29-10-2024	46:57:09----errhandler: /api/comment/ --- GET --- Route /api/comment/ is not found
29-10-2024	53:57:09----errhandler: /api/comment/ --- GET --- Route /api/comment/ is not found
29-10-2024	53:57:09----errhandler: /api/comment/ --- GET --- Route /api/comment/ is not found
29-10-2024	51:09:10----errhandler: /api/comment/ --- GET --- Route /api/comment/ is not found
29-10-2024	08:13:10----errhandler: /api/comment/ --- GET --- Route /api/comment/ is not found
29-10-2024	08:13:10----errhandler: /api/comment/ --- GET --- Route /api/comment/ is not found
29-10-2024	23:13:10----errhandler: /api/comment/ --- GET --- Route /api/comment/ is not found
29-10-2024	23:13:10----errhandler: /api/comment/ --- GET --- Route /api/comment/ is not found
29-10-2024	58:32:10----errhandler: /api/comment/ --- GET --- Route /api/comment/ is not found
29-10-2024	37:55:10----errhandler: /api/comment/ --- GET --- Route /api/comment/ is not found
29-10-2024	33:14:11----errhandler: /api/comment/ --- GET --- Route /api/comment/ is not found
29-10-2024	06:22:11----errhandler: /api/comment/ --- GET --- Route /api/comment/ is not found
29-10-2024	06:22:11----errhandler: /api/comment/ --- GET --- Route /api/comment/ is not found
29-10-2024	36:55:11----errhandler: /api/post/all-posts//?page=1&pageSize=10&search= --- GET --- Route /api/post/all-posts//?page=1&pageSize=10&search= is not found
29-10-2024	59:57:11----errhandler: /api/post/all-posts//?page=1&pageSize=10&search= --- GET --- Route /api/post/all-posts//?page=1&pageSize=10&search= is not found
29-10-2024	07:59:11----errhandler: /api/post/all-posts//?page=1&pageSize=10&search= --- GET --- Route /api/post/all-posts//?page=1&pageSize=10&search= is not found
29-10-2024	56:05:12----errhandler: /api/comment/ --- GET --- Route /api/comment/ is not found
29-10-2024	57:05:12----errhandler: /api/post/all-posts//?page=1&pageSize=10&search= --- GET --- Route /api/post/all-posts//?page=1&pageSize=10&search= is not found
29-10-2024	00:06:12----errhandler: /api/comment/ --- GET --- Route /api/comment/ is not found
29-10-2024	00:06:12----errhandler: /api/comment/ --- GET --- Route /api/comment/ is not found
29-10-2024	06:06:12----errhandler: /api/comment/ --- GET --- Route /api/comment/ is not found
29-10-2024	07:06:12----errhandler: /api/comment/ --- GET --- Route /api/comment/ is not found
29-10-2024	11:06:12----errhandler: /api/comment/ --- GET --- Route /api/comment/ is not found
29-10-2024	35:06:12----errhandler: /api/comment/ --- GET --- Route /api/comment/ is not found
29-10-2024	35:06:12----errhandler: /api/post/all-posts//?page=1&pageSize=10&search= --- GET --- Route /api/post/all-posts//?page=1&pageSize=10&search= is not found
29-10-2024	12:07:12----errhandler: /api/comment/ --- GET --- Route /api/comment/ is not found
29-10-2024	13:07:12----errhandler: /api/post/all-posts//?page=1&pageSize=10&search= --- GET --- Route /api/post/all-posts//?page=1&pageSize=10&search= is not found
29-10-2024	16:07:12----errhandler: /api/post/all-posts//?page=1&pageSize=10&search= --- GET --- Route /api/post/all-posts//?page=1&pageSize=10&search= is not found
29-10-2024	21:07:12----errhandler: /api/post/all-posts//?page=1&pageSize=10&search= --- GET --- Route /api/post/all-posts//?page=1&pageSize=10&search= is not found
29-10-2024	56:23:12----errhandler: /api/post/all-posts//?page=1&pageSize=10&search= --- GET --- Route /api/post/all-posts//?page=1&pageSize=10&search= is not found
29-10-2024	01:27:12----errhandler: /api/post/all-posts//?page=1&pageSize=10&search= --- GET --- Route /api/post/all-posts//?page=1&pageSize=10&search= is not found
29-10-2024	03:27:12----errhandler: /api/comment/ --- GET --- Route /api/comment/ is not found
29-10-2024	11:27:12----errhandler: /api/comment/ --- GET --- Route /api/comment/ is not found
29-10-2024	11:27:12----errhandler: /api/post/all-posts//?page=1&pageSize=10&search= --- GET --- Route /api/post/all-posts//?page=1&pageSize=10&search= is not found
29-10-2024	28:27:12----errhandler: /api/post/all-posts//?page=1&pageSize=10&search= --- GET --- Route /api/post/all-posts//?page=1&pageSize=10&search= is not found
29-10-2024	08:34:12----errhandler: /api/post/all-posts//?page=1&pageSize=10&search= --- GET --- Route /api/post/all-posts//?page=1&pageSize=10&search= is not found
29-10-2024	50:35:12----errhandler: /api/post/all-posts//?page=1&pageSize=10&search= --- GET --- Route /api/post/all-posts//?page=1&pageSize=10&search= is not found
29-10-2024	14:37:12----errhandler: /api/post/all-posts//?page=1&pageSize=10&search= --- GET --- Route /api/post/all-posts//?page=1&pageSize=10&search= is not found
29-10-2024	06:17:13----errhandler: /api/post/all-posts//?page=1&pageSize=10&search= --- GET --- Route /api/post/all-posts//?page=1&pageSize=10&search= is not found
29-10-2024	16:17:13----errhandler: /api/post/all-posts//?page=1&pageSize=10&search= --- GET --- Route /api/post/all-posts//?page=1&pageSize=10&search= is not found
29-10-2024	17:17:13----errhandler: /api/post/all-posts//?page=1&pageSize=10&search= --- GET --- Route /api/post/all-posts//?page=1&pageSize=10&search= is not found
29-10-2024	25:17:13----errhandler: /api/post/all-posts//?page=1&pageSize=10&search= --- GET --- Route /api/post/all-posts//?page=1&pageSize=10&search= is not found
29-10-2024	27:17:13----errhandler: /api/post/all-posts//?page=1&pageSize=10&search= --- GET --- Route /api/post/all-posts//?page=1&pageSize=10&search= is not found
29-10-2024	29:17:13----errhandler: /api/post/all-posts//?page=1&pageSize=10&search= --- GET --- Route /api/post/all-posts//?page=1&pageSize=10&search= is not found
29-10-2024	55:43:14----errhandler: /api/post/all-posts//?page=1&pageSize=10&search= --- GET --- Route /api/post/all-posts//?page=1&pageSize=10&search= is not found
29-10-2024	00:44:14----errhandler: /api/comment/ --- GET --- Route /api/comment/ is not found
29-10-2024	00:44:14----errhandler: /api/comment/ --- GET --- Route /api/comment/ is not found
29-10-2024	01:44:14----errhandler: /api/post/all-posts//?page=1&pageSize=10&search= --- GET --- Route /api/post/all-posts//?page=1&pageSize=10&search= is not found
29-10-2024	28:50:14----errhandler: /api/post/all-posts//?page=1&pageSize=10&search= --- GET --- Route /api/post/all-posts//?page=1&pageSize=10&search= is not found
29-10-2024	32:50:14----errhandler: /api/post/all-posts//?page=1&pageSize=10&search= --- GET --- Route /api/post/all-posts//?page=1&pageSize=10&search= is not found
29-10-2024	35:50:14----errhandler: /api/post/all-posts//?page=1&pageSize=10&search= --- GET --- Route /api/post/all-posts//?page=1&pageSize=10&search= is not found
29-10-2024	38:50:14----errhandler: /api/post/all-posts//?page=1&pageSize=10&search= --- GET --- Route /api/post/all-posts//?page=1&pageSize=10&search= is not found
29-10-2024	40:50:14----errhandler: /api/post/all-posts//?page=1&pageSize=10&search= --- GET --- Route /api/post/all-posts//?page=1&pageSize=10&search= is not found
29-10-2024	43:50:14----errhandler: /api/post/all-posts//?page=1&pageSize=10&search= --- GET --- Route /api/post/all-posts//?page=1&pageSize=10&search= is not found
29-10-2024	46:50:14----errhandler: /api/post/all-posts//?page=1&pageSize=10&search= --- GET --- Route /api/post/all-posts//?page=1&pageSize=10&search= is not found
29-10-2024	51:50:14----errhandler: /api/post/all-posts//?page=1&pageSize=10&search= --- GET --- Route /api/post/all-posts//?page=1&pageSize=10&search= is not found
29-10-2024	52:50:14----errhandler: /api/post/all-posts//?page=1&pageSize=10&search= --- GET --- Route /api/post/all-posts//?page=1&pageSize=10&search= is not found
29-10-2024	13:55:14----errhandler: /api/post/all-posts//?page=1&pageSize=10&search= --- GET --- Route /api/post/all-posts//?page=1&pageSize=10&search= is not found
29-10-2024	57:56:14----errhandler: /api/comment/ --- GET --- Route /api/comment/ is not found
29-10-2024	59:05:17----errhandler: /api/post/all-posts//?page=1&pageSize=10&search= --- GET --- Route /api/post/all-posts//?page=1&pageSize=10&search= is not found
29-10-2024	52:13:17----errhandler: /api/post/all-posts//?page=1&pageSize=10&search= --- GET --- Route /api/post/all-posts//?page=1&pageSize=10&search= is not found
29-10-2024	44:14:17----errhandler: /api/comment/ --- GET --- Route /api/comment/ is not found
29-10-2024	45:14:17----errhandler: /api/comment/ --- GET --- Route /api/comment/ is not found
29-10-2024	46:14:17----errhandler: /api/post/all-posts//?page=1&pageSize=10&search= --- GET --- Route /api/post/all-posts//?page=1&pageSize=10&search= is not found
29-10-2024	42:16:17----errhandler: /api/post/all-posts//?page=1&pageSize=10&search= --- GET --- Route /api/post/all-posts//?page=1&pageSize=10&search= is not found
29-10-2024	10:17:17----errhandler: /api/post/all-posts//?page=1&pageSize=10&search= --- GET --- Route /api/post/all-posts//?page=1&pageSize=10&search= is not found
29-10-2024	14:17:17----errhandler: /api/post/all-posts//?page=1&pageSize=10&search= --- GET --- Route /api/post/all-posts//?page=1&pageSize=10&search= is not found
29-10-2024	12:21:17----errhandler: /api/post/all-posts//?page=1&pageSize=10&search= --- GET --- Route /api/post/all-posts//?page=1&pageSize=10&search= is not found
29-10-2024	21:22:17----errhandler: /api/post/all-posts//?page=1&pageSize=10&search= --- GET --- Route /api/post/all-posts//?page=1&pageSize=10&search= is not found
29-10-2024	24:22:17----errhandler: /api/post/all-posts//?page=1&pageSize=10&search= --- GET --- Route /api/post/all-posts//?page=1&pageSize=10&search= is not found
29-10-2024	02:23:17----errhandler: /api/post/all-posts//?page=1&pageSize=10&search= --- GET --- Route /api/post/all-posts//?page=1&pageSize=10&search= is not found
29-10-2024	05:23:17----errhandler: /api/post/all-posts//?page=1&pageSize=10&search= --- GET --- Route /api/post/all-posts//?page=1&pageSize=10&search= is not found
29-10-2024	20:24:17----errhandler: /api/post/all-posts//?page=1&pageSize=10&search= --- GET --- Route /api/post/all-posts//?page=1&pageSize=10&search= is not found
29-10-2024	15:25:17----errhandler: /api/post/all-posts//?page=1&pageSize=10&search= --- GET --- Route /api/post/all-posts//?page=1&pageSize=10&search= is not found
29-10-2024	26:26:17----errhandler: /api/post/all-posts//?page=1&pageSize=10&search= --- GET --- Route /api/post/all-posts//?page=1&pageSize=10&search= is not found
29-10-2024	33:26:17----errhandler: /api/post/all-posts//?page=1&pageSize=10&search= --- GET --- Route /api/post/all-posts//?page=1&pageSize=10&search= is not found
29-10-2024	42:29:17----errhandler: /api/post/all-posts//?page=1&pageSize=10&search= --- GET --- Route /api/post/all-posts//?page=1&pageSize=10&search= is not found
29-10-2024	25:40:17----errhandler: /api/post/all-posts//?page=1&pageSize=10&search= --- GET --- Route /api/post/all-posts//?page=1&pageSize=10&search= is not found
29-10-2024	29:40:17----errhandler: /api/post/all-posts//?page=1&pageSize=10&search= --- GET --- Route /api/post/all-posts//?page=1&pageSize=10&search= is not found
29-10-2024	10:47:17----errhandler: /api/comment/ --- GET --- Route /api/comment/ is not found
29-10-2024	14:47:17----errhandler: /api/comment/ --- GET --- Route /api/comment/ is not found
29-10-2024	19:47:17----errhandler: /api/comment/ --- GET --- Route /api/comment/ is not found
29-10-2024	20:47:17----errhandler: /api/comment/ --- GET --- Route /api/comment/ is not found
29-10-2024	43:09:23----errhandler: /api/comment/ --- GET --- Route /api/comment/ is not found
29-10-2024	51:09:23----errhandler: /api/comment/ --- GET --- Route /api/comment/ is not found
29-10-2024	59:09:23----errhandler: /api/comment/ --- GET --- Route /api/comment/ is not found
29-10-2024	43:11:23----errhandler: /api/comment/ --- GET --- Route /api/comment/ is not found
29-10-2024	27:12:23----errhandler: /api/comment/ --- GET --- Route /api/comment/ is not found
29-10-2024	32:12:23----errhandler: /api/comment/ --- GET --- Route /api/comment/ is not found
29-10-2024	42:12:23----errhandler: /api/comment/ --- GET --- Route /api/comment/ is not found
29-10-2024	30:16:23----errhandler: /api/comment/ --- GET --- Route /api/comment/ is not found
29-10-2024	41:28:23----errhandler: /api/comment/ --- GET --- Route /api/comment/ is not found
29-10-2024	12:29:23----errhandler: /api/comment/ --- GET --- Route /api/comment/ is not found
29-10-2024	29:29:23----errhandler: /api/comment/ --- GET --- Route /api/comment/ is not found
29-10-2024	02:43:23----errhandler: /api/comment/ --- GET --- Route /api/comment/ is not found
29-10-2024	07:43:23----errhandler: /api/comment/ --- GET --- Route /api/comment/ is not found
31-10-2024	46:06:16----errhandler: /api/comment/ --- GET --- Route /api/comment/ is not found
31-10-2024	11:17:16----errhandler: /api/comment/ --- GET --- Route /api/comment/ is not found
31-10-2024	49:09:17----errhandler: /api/comment/ --- GET --- Route /api/comment/ is not found
31-10-2024	37:10:17----errhandler: /api/comment/ --- GET --- Route /api/comment/ is not found
31-10-2024	02:31:17----errhandler: /api/comment/ --- GET --- Route /api/comment/ is not found
31-10-2024	05:31:17----errhandler: /api/post/vote/671c8ce41d129fd875525e4e --- POST --- Account is not User
31-10-2024	44:31:17----errhandler: /api/post/vote/671c8ce41d129fd875525e4e --- POST --- Account is not User
31-10-2024	19:32:17----errhandler: /api/comment/ --- GET --- Route /api/comment/ is not found
31-10-2024	34:32:17----errhandler: /api/comment/ --- GET --- Route /api/comment/ is not found
31-10-2024	49:36:17----errhandler: /api/comment/ --- GET --- Route /api/comment/ is not found
31-10-2024	58:36:17----errhandler: /api/comment/ --- GET --- Route /api/comment/ is not found
31-10-2024	30:37:17----errhandler: /api/comment/ --- GET --- Route /api/comment/ is not found
31-10-2024	53:37:17----errhandler: /api/comment/ --- GET --- Route /api/comment/ is not found
31-10-2024	08:39:17----errhandler: /api/comment/ --- GET --- Route /api/comment/ is not found
31-10-2024	10:40:17----errhandler: /api/comment/ --- GET --- Route /api/comment/ is not found
31-10-2024	09:43:17----errhandler: /api/comment/ --- GET --- Route /api/comment/ is not found
31-10-2024	08:44:17----errhandler: /api/comment/ --- GET --- Route /api/comment/ is not found
31-10-2024	48:52:17----errhandler: /api/comment/ --- GET --- Route /api/comment/ is not found
31-10-2024	20:55:17----errhandler: /api/comment/ --- GET --- Route /api/comment/ is not found
31-10-2024	56:01:18----errhandler: /api/comment/ --- GET --- Route /api/comment/ is not found
31-10-2024	03:11:18----errhandler: /api/comment/ --- GET --- Route /api/comment/ is not found
31-10-2024	57:11:18----errhandler: /api/comment/ --- GET --- Route /api/comment/ is not found
31-10-2024	04:12:18----errhandler: /api/comment/ --- GET --- Route /api/comment/ is not found
31-10-2024	05:15:18----errhandler: /api/comment/ --- GET --- Route /api/comment/ is not found
31-10-2024	05:15:18----errhandler: /api/comment/ --- GET --- Route /api/comment/ is not found
31-10-2024	25:15:18----errhandler: /api/comment/ --- GET --- Route /api/comment/ is not found
31-10-2024	26:15:18----errhandler: /api/comment/ --- GET --- Route /api/comment/ is not found
31-10-2024	35:15:18----errhandler: /api/comment/ --- GET --- Route /api/comment/ is not found
31-10-2024	41:15:18----errhandler: /api/comment/ --- GET --- Route /api/comment/ is not found
31-10-2024	00:18:18----errhandler: /api/comment/ --- GET --- Route /api/comment/ is not found
31-10-2024	24:18:18----errhandler: /api/comment/ --- GET --- Route /api/comment/ is not found
31-10-2024	46:18:18----errhandler: /api/comment/ --- GET --- Route /api/comment/ is not found
31-10-2024	53:18:18----errhandler: /api/comment/ --- GET --- Route /api/comment/ is not found
31-10-2024	57:18:18----errhandler: /api/comment/ --- GET --- Route /api/comment/ is not found
31-10-2024	02:19:18----errhandler: /api/comment/ --- GET --- Route /api/comment/ is not found
31-10-2024	08:19:18----errhandler: /api/comment/ --- GET --- Route /api/comment/ is not found
31-10-2024	14:20:18----errhandler: /api/comment/ --- GET --- Route /api/comment/ is not found
31-10-2024	16:20:18----errhandler: /api/comment/ --- GET --- Route /api/comment/ is not found
31-10-2024	23:20:18----errhandler: /api/comment/ --- GET --- Route /api/comment/ is not found
31-10-2024	25:20:18----errhandler: /api/comment/ --- GET --- Route /api/comment/ is not found
31-10-2024	08:26:18----errhandler: /api/comment/ --- GET --- Route /api/comment/ is not found
31-10-2024	15:26:18----errhandler: /api/comment/ --- GET --- Route /api/comment/ is not found
31-10-2024	07:27:18----errhandler: /api/comment/ --- GET --- Route /api/comment/ is not found
31-10-2024	25:27:18----errhandler: /api/comment/ --- GET --- Route /api/comment/ is not found
31-10-2024	30:27:18----errhandler: /api/comment/ --- GET --- Route /api/comment/ is not found
31-10-2024	01:28:18----errhandler: /api/comment/ --- GET --- Route /api/comment/ is not found
31-10-2024	09:28:18----errhandler: /api/comment/ --- GET --- Route /api/comment/ is not found
31-10-2024	18:28:18----errhandler: /api/comment/ --- GET --- Route /api/comment/ is not found
31-10-2024	27:29:18----errhandler: /api/comment/ --- GET --- Route /api/comment/ is not found
31-10-2024	13:30:18----errhandler: /api/comment/ --- GET --- Route /api/comment/ is not found
31-10-2024	13:30:18----errhandler: /api/comment/ --- GET --- Route /api/comment/ is not found
31-10-2024	51:30:18----errhandler: /api/comment/ --- GET --- Route /api/comment/ is not found
31-10-2024	55:30:18----errhandler: /api/comment/ --- GET --- Route /api/comment/ is not found
31-10-2024	57:30:18----errhandler: /api/comment/ --- GET --- Route /api/comment/ is not found
31-10-2024	04:31:18----errhandler: /api/comment/ --- GET --- Route /api/comment/ is not found
31-10-2024	42:31:18----errhandler: /api/comment/ --- GET --- Route /api/comment/ is not found
31-10-2024	54:31:18----errhandler: /api/comment/ --- GET --- Route /api/comment/ is not found
31-10-2024	57:31:18----errhandler: /api/comment/ --- GET --- Route /api/comment/ is not found
31-10-2024	57:31:18----errhandler: /api/comment/ --- GET --- Route /api/comment/ is not found
31-10-2024	09:32:18----errhandler: /api/comment/ --- GET --- Route /api/comment/ is not found
31-10-2024	21:32:18----errhandler: /api/comment/ --- GET --- Route /api/comment/ is not found
31-10-2024	27:32:18----errhandler: /api/comment/ --- GET --- Route /api/comment/ is not found
31-10-2024	32:32:18----errhandler: /api/comment/ --- GET --- Route /api/comment/ is not found
31-10-2024	36:32:18----errhandler: /api/comment/ --- GET --- Route /api/comment/ is not found
31-10-2024	41:32:18----errhandler: /api/comment/ --- GET --- Route /api/comment/ is not found
31-10-2024	43:32:18----errhandler: /api/comment/ --- GET --- Route /api/comment/ is not found
31-10-2024	43:32:18----errhandler: /api/comment/ --- GET --- Route /api/comment/ is not found
31-10-2024	06:33:18----errhandler: /api/comment/ --- GET --- Route /api/comment/ is not found
31-10-2024	42:33:18----errhandler: /api/comment/ --- GET --- Route /api/comment/ is not found
31-10-2024	47:33:18----errhandler: /api/comment/ --- GET --- Route /api/comment/ is not found
31-10-2024	47:33:18----errhandler: /api/comment/ --- GET --- Route /api/comment/ is not found
31-10-2024	26:34:18----errhandler: /api/comment/ --- GET --- Route /api/comment/ is not found
31-10-2024	28:34:18----errhandler: /api/comment/ --- GET --- Route /api/comment/ is not found
31-10-2024	29:34:18----errhandler: /api/comment/ --- GET --- Route /api/comment/ is not found
31-10-2024	01:37:18----errhandler: /api/comment/ --- GET --- Route /api/comment/ is not found
31-10-2024	05:37:18----errhandler: /api/comment/ --- GET --- Route /api/comment/ is not found
31-10-2024	06:37:18----errhandler: /api/comment/ --- GET --- Route /api/comment/ is not found
31-10-2024	46:37:18----errhandler: /api/comment/ --- GET --- Route /api/comment/ is not found
31-10-2024	51:37:18----errhandler: /api/comment/ --- GET --- Route /api/comment/ is not found
31-10-2024	25:38:18----errhandler: /api/comment/ --- GET --- Route /api/comment/ is not found
31-10-2024	29:38:18----errhandler: /api/comment/ --- GET --- Route /api/comment/ is not found
31-10-2024	34:38:18----errhandler: /api/comment/ --- GET --- Route /api/comment/ is not found
31-10-2024	39:38:18----errhandler: /api/comment/ --- GET --- Route /api/comment/ is not found
31-10-2024	41:38:18----errhandler: /api/comment/ --- GET --- Route /api/comment/ is not found
31-10-2024	34:39:18----errhandler: /api/comment/ --- GET --- Route /api/comment/ is not found
31-10-2024	47:39:18----errhandler: /api/comment/ --- GET --- Route /api/comment/ is not found
31-10-2024	54:39:18----errhandler: /api/comment/ --- GET --- Route /api/comment/ is not found
31-10-2024	58:39:18----errhandler: /api/comment/ --- GET --- Route /api/comment/ is not found
31-10-2024	05:40:18----errhandler: /api/comment/ --- GET --- Route /api/comment/ is not found
31-10-2024	10:40:18----errhandler: /api/comment/ --- GET --- Route /api/comment/ is not found
31-10-2024	17:40:18----errhandler: /api/comment/ --- GET --- Route /api/comment/ is not found
31-10-2024	21:40:18----errhandler: /api/comment/ --- GET --- Route /api/comment/ is not found
31-10-2024	26:40:18----errhandler: /api/comment/ --- GET --- Route /api/comment/ is not found
31-10-2024	39:40:18----errhandler: /api/comment/ --- GET --- Route /api/comment/ is not found
31-10-2024	41:40:18----errhandler: /api/comment/ --- GET --- Route /api/comment/ is not found
31-10-2024	46:40:18----errhandler: /api/comment/ --- GET --- Route /api/comment/ is not found
31-10-2024	07:41:18----errhandler: /api/comment/ --- GET --- Route /api/comment/ is not found
31-10-2024	11:41:18----errhandler: /api/comment/ --- GET --- Route /api/comment/ is not found
31-10-2024	09:43:18----errhandler: /api/comment/ --- GET --- Route /api/comment/ is not found
31-10-2024	05:44:18----errhandler: /api/comment/ --- GET --- Route /api/comment/ is not found
31-10-2024	10:44:18----errhandler: /api/comment/ --- GET --- Route /api/comment/ is not found
31-10-2024	13:44:18----errhandler: /api/comment/ --- GET --- Route /api/comment/ is not found
31-10-2024	14:44:18----errhandler: /api/comment/ --- GET --- Route /api/comment/ is not found
31-10-2024	44:47:18----errhandler: /api/comment/ --- GET --- Route /api/comment/ is not found
31-10-2024	48:47:18----errhandler: /api/comment/ --- GET --- Route /api/comment/ is not found
31-10-2024	13:48:18----errhandler: /api/comment/ --- GET --- Route /api/comment/ is not found
31-10-2024	17:48:18----errhandler: /api/comment/ --- GET --- Route /api/comment/ is not found
31-10-2024	18:48:18----errhandler: /api/comment/ --- GET --- Route /api/comment/ is not found
31-10-2024	30:48:18----errhandler: /api/comment/ --- GET --- Route /api/comment/ is not found
31-10-2024	42:48:18----errhandler: /api/comment/ --- GET --- Route /api/comment/ is not found
31-10-2024	42:48:18----errhandler: /api/comment/ --- GET --- Route /api/comment/ is not found
31-10-2024	55:48:18----errhandler: /api/comment/ --- GET --- Route /api/comment/ is not found
31-10-2024	01:49:18----errhandler: /api/comment/ --- GET --- Route /api/comment/ is not found
31-10-2024	07:49:18----errhandler: /api/comment/ --- GET --- Route /api/comment/ is not found
31-10-2024	09:49:18----errhandler: /api/comment/ --- GET --- Route /api/comment/ is not found
31-10-2024	13:49:18----errhandler: /api/comment/ --- GET --- Route /api/comment/ is not found
31-10-2024	36:49:18----errhandler: /api/comment/ --- GET --- Route /api/comment/ is not found
31-10-2024	41:49:18----errhandler: /api/comment/ --- GET --- Route /api/comment/ is not found
31-10-2024	42:49:18----errhandler: /api/comment/ --- GET --- Route /api/comment/ is not found
31-10-2024	31:52:18----errhandler: /api/comment/ --- GET --- Route /api/comment/ is not found
31-10-2024	35:52:18----errhandler: /api/comment/ --- GET --- Route /api/comment/ is not found
31-10-2024	35:52:18----errhandler: /api/comment/ --- GET --- Route /api/comment/ is not found
31-10-2024	33:54:18----errhandler: /api/comment/ --- GET --- Route /api/comment/ is not found
31-10-2024	32:55:18----errhandler: /api/comment/ --- GET --- Route /api/comment/ is not found
31-10-2024	42:55:18----errhandler: /api/comment/ --- GET --- Route /api/comment/ is not found
31-10-2024	52:55:18----errhandler: /api/comment/ --- GET --- Route /api/comment/ is not found
31-10-2024	01:56:18----errhandler: /api/comment/ --- GET --- Route /api/comment/ is not found
31-10-2024	03:56:18----errhandler: /api/comment/ --- GET --- Route /api/comment/ is not found
31-10-2024	38:56:18----errhandler: /api/comment/ --- GET --- Route /api/comment/ is not found
31-10-2024	38:56:18----errhandler: /api/comment/ --- GET --- Route /api/comment/ is not found
31-10-2024	38:56:18----errhandler: /api/comment/ --- GET --- Route /api/comment/ is not found
31-10-2024	14:57:18----errhandler: /api/comment/ --- GET --- Route /api/comment/ is not found
31-10-2024	17:57:18----errhandler: /api/comment/ --- GET --- Route /api/comment/ is not found
31-10-2024	17:57:18----errhandler: /api/comment/ --- GET --- Route /api/comment/ is not found
31-10-2024	04:58:18----errhandler: /api/comment/ --- GET --- Route /api/comment/ is not found
31-10-2024	08:58:18----errhandler: /api/comment/ --- GET --- Route /api/comment/ is not found
31-10-2024	09:58:18----errhandler: /api/comment/ --- GET --- Route /api/comment/ is not found
31-10-2024	47:58:18----errhandler: /api/comment/ --- GET --- Route /api/comment/ is not found
31-10-2024	49:58:18----errhandler: /api/comment/ --- GET --- Route /api/comment/ is not found
31-10-2024	50:58:18----errhandler: /api/comment/ --- GET --- Route /api/comment/ is not found
31-10-2024	16:01:19----errhandler: /api/comment/ --- GET --- Route /api/comment/ is not found
31-10-2024	17:01:19----errhandler: /api/comment/ --- GET --- Route /api/comment/ is not found
31-10-2024	18:01:19----errhandler: /api/comment/ --- GET --- Route /api/comment/ is not found
31-10-2024	30:01:19----errhandler: /api/comment/ --- GET --- Route /api/comment/ is not found
31-10-2024	30:01:19----errhandler: /api/comment/ --- GET --- Route /api/comment/ is not found
31-10-2024	32:01:19----errhandler: /api/comment/ --- GET --- Route /api/comment/ is not found
31-10-2024	29:09:19----errhandler: /api/comment/ --- GET --- Route /api/comment/ is not found
31-10-2024	33:18:19----errhandler: /api/comment/ --- GET --- Route /api/comment/ is not found
31-10-2024	34:18:19----errhandler: /api/comment/ --- GET --- Route /api/comment/ is not found
31-10-2024	08:21:19----errhandler: /api/comment/ --- GET --- Route /api/comment/ is not found
31-10-2024	11:21:19----errhandler: /api/comment/ --- GET --- Route /api/comment/ is not found
31-10-2024	14:21:19----errhandler: /api/comment/ --- GET --- Route /api/comment/ is not found
31-10-2024	17:21:19----errhandler: /api/comment/ --- GET --- Route /api/comment/ is not found
31-10-2024	22:21:19----errhandler: /api/comment/ --- GET --- Route /api/comment/ is not found
31-10-2024	29:21:19----errhandler: /api/comment/ --- GET --- Route /api/comment/ is not found
31-10-2024	23:22:19----errhandler: /api/comment/ --- GET --- Route /api/comment/ is not found
